        -:    0:Source:unit_tests/s21_test.c
        -:    1:#include "s21_test.h"
        -:    2:
       36:    3:int main() {
       36:    4:  int number_failed = 0;
        -:    5:
       36:    6:  Suite *test[] = {powTest(),   ceilTest(), absTest(),  sqrtTest(), fabsTest(),
       36:    7:                   floorTest(), expTest(),  ceilTest(), fmodTest(), sinTest(),
       36:    8:                   cosTest(),   logTest(),  tanTest(),  atanTest(), asinTest(),
       36:    9:                   acosTest(),  NULL};
        -:   10:
      253:   11:  for (int i = 0; test[i] != NULL; i++) {
      252:   12:    printf("\n\n");
      252:   13:    SRunner *sr = srunner_create(test[i]);
        -:   14:
      252:   15:    srunner_run_all(sr, CK_VERBOSE);
        -:   16:
      217:   17:    number_failed += srunner_ntests_failed(sr);
      217:   18:    srunner_free(sr);
        -:   19:  }
        -:   20:
        1:   21:  return (number_failed == 0) ? 0 : 1;
        -:   22:}
