        -:    0:Source:unit_tests/s21_abs_test.c
        -:    1:#include "s21_test.h"
        -:    2:
        1:    3:START_TEST(absTest1) {
        1:    4:  int testValue1 = -5;
        1:    5:  int testValue2 = 5;
        1:    6:  int testValue3 = 0;
       1*:    7:  ck_assert_int_eq(s21_abs(testValue1), abs(testValue1));
       1*:    8:  ck_assert_int_eq(s21_abs(testValue2), abs(testValue2));
       1*:    9:  ck_assert_int_eq(s21_abs(testValue3), abs(testValue3));
        1:   10:}
        -:   11:END_TEST;
        -:   12:
        1:   13:START_TEST(absTest2) {
        1:   14:  int testValue1 = -3.45;
        1:   15:  int testValue2 = 10;
        1:   16:  int testValue3 = 0;
       1*:   17:  ck_assert_double_eq(s21_abs(testValue1), abs(testValue1));
       1*:   18:  ck_assert_int_eq(s21_abs(testValue2), abs(testValue2));
       1*:   19:  ck_assert_int_eq(s21_abs(testValue3), abs(testValue3));
        1:   20:}
        -:   21:END_TEST
        -:   22:
       36:   23:Suite *absTest(void) {
       36:   24:  Suite *s = suite_create("\033[45mAbs test\033[0m");
       36:   25:  TCase *tc = tcase_create("Abs test");
        -:   26:
       36:   27:  tcase_add_test(tc, absTest1);
       36:   28:  tcase_add_test(tc, absTest2);
       36:   29:  suite_add_tcase(s, tc);
       36:   30:  return s;
        -:   31:}
