        -:    0:Source:math/s21_exp.c
        -:    1:#include "../s21_math.h"
        -:    2:
   205834:    3:long double s21_exp(double x) {
        -:    4:  long double res;
        -:    5:
   205834:    6:  if (S21_IS_NAN(x))
        6:    7:    res = S21_NAN;
   205828:    8:  else if (S21_IS_INF(x)) {
        2:    9:    if (x == S21_INF_POSITIVE) res = S21_INF_POSITIVE;
        2:   10:    if (x == S21_INF_NEGATIVE) res = S21_ZERO_POSITIVE;
        -:   11:  } else {
   205826:   12:    long double add_value = 1;
   205826:   13:    long double series = 1;
   205826:   14:    long double i = 1;
        -:   15:
  3304501:   16:    while (s21_fabs(add_value) > S21_EPS) {
  3098677:   17:      add_value *= x / i;
  3098677:   18:      i += 1;
  3098677:   19:      series += add_value;
  3098677:   20:      if (series > S21_DBL_MAX) {
        2:   21:        series = S21_INF_POSITIVE;
        2:   22:        break;
        -:   23:      }
        -:   24:    }
   205826:   25:    res = series;
        -:   26:  }
   205834:   27:  return res;
        -:   28:}
