        -:    0:Source:math/s21_asin.c
        -:    1:#include "../s21_math.h"
        -:    2:
       15:    3:long double s21_asin(double x) {
       15:    4:  long double res = 0;
        -:    5:
       15:    6:  if (S21_IS_NAN(x))
        2:    7:    res = x;
       13:    8:  else if (S21_IS_INF(x))
        4:    9:    res = S21_NAN;
        9:   10:  else if (x == 1)
        1:   11:    res = S21_PI / 2;
        8:   12:  else if (x == -1)
        1:   13:    res = -(S21_PI / 2);
        7:   14:  else if (x > -1 && x < 1) {
        5:   15:    res = s21_atan(x / (s21_sqrt(1 - (x * x))));
        -:   16:  } else
        2:   17:    res = S21_NAN;
        -:   18:
       15:   19:  return res;
        -:   20:}
