        -:    0:Source:math/s21_fmod.c
        -:    1:#include "../s21_math.h"
        -:    2:
       12:    3:long double s21_fmod(double x, double y) {
       12:    4:  long double res = 0;
       12:    5:  if (S21_IS_NAN(x))
        2:    6:    res = S21_NAN;
       10:    7:  else if (S21_IS_INF(x) || y == 0)
        3:    8:    res = S21_NAN;
        7:    9:  else if (x == S21_ZERO_POSITIVE || x == S21_ZERO_NEGATIVE) {
        2:   10:    if ((1 / x == 1 / 0.0) && y != 0)
        1:   11:      res = S21_ZERO_POSITIVE;
        1:   12:    else if ((1 / x == 1 / -0.0) && y != 0)
        1:   13:      res = S21_ZERO_NEGATIVE;
        -:   14:  } else {
        5:   15:    long long int mod = 0;
        5:   16:    mod = x / y;
        5:   17:    res = (long double)x - mod * (long double)y;
        -:   18:  }
       12:   19:  return res;
        -:   20:}
